2021-06-24 06:50:24.194  INFO 6120 --- [restartedMain] c.e.e.EmployeePayrollApplication         : Starting EmployeePayrollApplication using Java 11.0.10 on DESKTOP-T4PTG44 with PID 6120 (D:\Pratiksha\Spring_boot\Employee_Payroll\EmployeePayrollApp\bin\main started by Nagoshe in D:\Pratiksha\Spring_boot\Employee_Payroll\EmployeePayrollApp)
2021-06-24 06:50:24.227 DEBUG 6120 --- [restartedMain] c.e.e.EmployeePayrollApplication         : Running with Spring Boot v2.5.1, Spring v5.3.8
2021-06-24 06:50:24.228  INFO 6120 --- [restartedMain] c.e.e.EmployeePayrollApplication         : No active profile set, falling back to default profiles: default
2021-06-24 06:50:28.961  WARN 6120 --- [restartedMain] JpaBaseConfiguration$JpaWebConfiguration : spring.jpa.open-in-view is enabled by default. Therefore, database queries may be performed during view rendering. Explicitly configure spring.jpa.open-in-view to disable this warning
2021-06-24 06:50:29.945  INFO 6120 --- [restartedMain] c.e.e.EmployeePayrollApplication         : Started EmployeePayrollApplication in 6.413 seconds (JVM running for 8.229)
2021-06-24 06:50:29.950  INFO 6120 --- [restartedMain] c.e.e.EmployeePayrollApplication         : Employee Payroll App Started in COMMON Environment
2021-06-24 06:51:36.609  INFO 6120 --- [restartedMain] c.e.e.EmployeePayrollApplication         : Starting EmployeePayrollApplication using Java 11.0.10 on DESKTOP-T4PTG44 with PID 6120 (D:\Pratiksha\Spring_boot\Employee_Payroll\EmployeePayrollApp\bin\main started by Nagoshe in D:\Pratiksha\Spring_boot\Employee_Payroll\EmployeePayrollApp)
2021-06-24 06:51:36.610 DEBUG 6120 --- [restartedMain] c.e.e.EmployeePayrollApplication         : Running with Spring Boot v2.5.1, Spring v5.3.8
2021-06-24 06:51:36.610  INFO 6120 --- [restartedMain] c.e.e.EmployeePayrollApplication         : No active profile set, falling back to default profiles: default
2021-06-24 06:51:37.090  WARN 6120 --- [restartedMain] JpaBaseConfiguration$JpaWebConfiguration : spring.jpa.open-in-view is enabled by default. Therefore, database queries may be performed during view rendering. Explicitly configure spring.jpa.open-in-view to disable this warning
2021-06-24 06:51:37.331  INFO 6120 --- [restartedMain] c.e.e.EmployeePayrollApplication         : Started EmployeePayrollApplication in 0.757 seconds (JVM running for 75.615)
2021-06-24 06:51:37.334  INFO 6120 --- [restartedMain] c.e.e.EmployeePayrollApplication         : Employee Payroll App Started in COMMON Environment
2021-06-24 07:08:52.557  INFO 6120 --- [restartedMain] c.e.e.EmployeePayrollApplication         : Starting EmployeePayrollApplication using Java 11.0.10 on DESKTOP-T4PTG44 with PID 6120 (D:\Pratiksha\Spring_boot\Employee_Payroll\EmployeePayrollApp\bin\main started by Nagoshe in D:\Pratiksha\Spring_boot\Employee_Payroll\EmployeePayrollApp)
2021-06-24 07:08:52.557 DEBUG 6120 --- [restartedMain] c.e.e.EmployeePayrollApplication         : Running with Spring Boot v2.5.1, Spring v5.3.8
2021-06-24 07:08:52.557  INFO 6120 --- [restartedMain] c.e.e.EmployeePayrollApplication         : No active profile set, falling back to default profiles: default
2021-06-24 07:08:53.099  WARN 6120 --- [restartedMain] JpaBaseConfiguration$JpaWebConfiguration : spring.jpa.open-in-view is enabled by default. Therefore, database queries may be performed during view rendering. Explicitly configure spring.jpa.open-in-view to disable this warning
2021-06-24 07:08:53.285  INFO 6120 --- [restartedMain] c.e.e.EmployeePayrollApplication         : Started EmployeePayrollApplication in 0.765 seconds (JVM running for 1111.57)
2021-06-24 07:08:53.287  INFO 6120 --- [restartedMain] c.e.e.EmployeePayrollApplication         : Employee Payroll App Started in COMMON Environment
2021-06-24 07:10:03.144  INFO 6120 --- [restartedMain] c.e.e.EmployeePayrollApplication         : Starting EmployeePayrollApplication using Java 11.0.10 on DESKTOP-T4PTG44 with PID 6120 (D:\Pratiksha\Spring_boot\Employee_Payroll\EmployeePayrollApp\bin\main started by Nagoshe in D:\Pratiksha\Spring_boot\Employee_Payroll\EmployeePayrollApp)
2021-06-24 07:10:03.144 DEBUG 6120 --- [restartedMain] c.e.e.EmployeePayrollApplication         : Running with Spring Boot v2.5.1, Spring v5.3.8
2021-06-24 07:10:03.144  INFO 6120 --- [restartedMain] c.e.e.EmployeePayrollApplication         : No active profile set, falling back to default profiles: default
2021-06-24 07:10:03.889  WARN 6120 --- [restartedMain] JpaBaseConfiguration$JpaWebConfiguration : spring.jpa.open-in-view is enabled by default. Therefore, database queries may be performed during view rendering. Explicitly configure spring.jpa.open-in-view to disable this warning
2021-06-24 07:10:04.062  INFO 6120 --- [restartedMain] c.e.e.EmployeePayrollApplication         : Started EmployeePayrollApplication in 0.952 seconds (JVM running for 1182.347)
2021-06-24 07:10:04.067  INFO 6120 --- [restartedMain] c.e.e.EmployeePayrollApplication         : Employee Payroll App Started in COMMON Environment
2021-06-24 07:10:21.233  INFO 6120 --- [restartedMain] c.e.e.EmployeePayrollApplication         : Starting EmployeePayrollApplication using Java 11.0.10 on DESKTOP-T4PTG44 with PID 6120 (D:\Pratiksha\Spring_boot\Employee_Payroll\EmployeePayrollApp\bin\main started by Nagoshe in D:\Pratiksha\Spring_boot\Employee_Payroll\EmployeePayrollApp)
2021-06-24 07:10:21.233 DEBUG 6120 --- [restartedMain] c.e.e.EmployeePayrollApplication         : Running with Spring Boot v2.5.1, Spring v5.3.8
2021-06-24 07:10:21.233  INFO 6120 --- [restartedMain] c.e.e.EmployeePayrollApplication         : No active profile set, falling back to default profiles: default
2021-06-24 07:10:21.727  WARN 6120 --- [restartedMain] JpaBaseConfiguration$JpaWebConfiguration : spring.jpa.open-in-view is enabled by default. Therefore, database queries may be performed during view rendering. Explicitly configure spring.jpa.open-in-view to disable this warning
2021-06-24 07:10:21.930  INFO 6120 --- [restartedMain] c.e.e.EmployeePayrollApplication         : Started EmployeePayrollApplication in 0.733 seconds (JVM running for 1200.215)
2021-06-24 07:10:21.934  INFO 6120 --- [restartedMain] c.e.e.EmployeePayrollApplication         : Employee Payroll App Started in COMMON Environment
